<?xml version="1.0" encoding="UTF-8"?>
<!-- Generated by org.testng.reporters.JUnitReportReporter -->
<testsuite skipped="0" hostname="HOME-PC" name="Framework.ExtentDemo.AppTest" tests="1" failures="0" timestamp="2021-01-21T12:04:17 MST" time="34.343" errors="0">
  <testcase name="launch" time="34.343" classname="Framework.ExtentDemo.AppTest"/>
</testsuite> <!-- Framework.ExtentDemo.AppTest -->
