<?xml version="1.0" encoding="UTF-8"?>
<!-- Generated by org.testng.reporters.JUnitReportReporter -->
<testsuite skipped="0" hostname="HOME-PC" name="Framework.ExtentDemo.AppTest" tests="1" failures="0" timestamp="2021-01-21T23:08:07 MST" time="28.673" errors="0">
  <testcase name="launch" time="28.673" classname="Framework.ExtentDemo.AppTest"/>
</testsuite> <!-- Framework.ExtentDemo.AppTest -->
